# JRE version: OpenJDK Runtime Environment (17.0.6) (build 17.0.6+0-b2043.56-9746777)
# Java VM: OpenJDK 64-Bit Server VM (17.0.6+0-b2043.56-9746777, mixed mode, tiered, compressed oops, compressed class ptrs, g1 gc, windows-amd64)
GC Precious Log:
 CPUs: 4 total, 4 available
 Memory: 7991M
 Large Page Support: Disabled
 NUMA Support: Disabled
 Compressed Oops: Enabled (32-bit)
 Heap Region Size: 1M
 Heap Min Capacity: 8M
 Heap Initial Capacity: 126M
 Heap Max Capacity: 2G
 Pre-touch: Disabled
 Parallel Workers: 4
 Concurrent Workers: 1
 Concurrent Refinement Workers: 4
 Periodic GC: Disabled
Heap:
 garbage-first heap   total 419840K, used 332375K [0x0000000080000000, 0x0000000100000000)
  region size 1024K, 156 young (159744K), 5 survivors (5120K)
 Metaspace       used 109681K, committed 110720K, reserved 1146880K
  class space    used 14588K, committed 15104K, reserved 1048576K
GC Heap History (20 events):
Event: 17.661 GC heap before
{Heap before GC invocations=41 (full 0):
 garbage-first heap   total 209920K, used 144242K [0x0000000080000000, 0x0000000100000000)
  region size 1024K, 35 young (35840K), 3 survivors (3072K)
 Metaspace       used 74286K, committed 74944K, reserved 1114112K
  class space    used 9951K, committed 10240K, reserved 1048576K
}
Event: 17.669 GC heap after
{Heap after GC invocations=42 (full 0):
 garbage-first heap   total 209920K, used 107951K [0x0000000080000000, 0x0000000100000000)
  region size 1024K, 5 young (5120K), 5 survivors (5120K)
 Metaspace       used 74286K, committed 74944K, reserved 1114112K
  class space    used 9951K, committed 10240K, reserved 1048576K
}
Event: 17.721 GC heap before
{Heap before GC invocations=42 (full 0):
 garbage-first heap   total 209920K, used 113071K [0x0000000080000000, 0x0000000100000000)
  region size 1024K, 10 young (10240K), 5 survivors (5120K)
 Metaspace       used 74644K, committed 75392K, reserved 1114112K
  class space    used 9997K, committed 10304K, reserved 1048576K
}
Event: 17.730 GC heap after
{Heap after GC invocations=43 (full 0):
 garbage-first heap   total 209920K, used 107971K [0x0000000080000000, 0x0000000100000000)
  region size 1024K, 1 young (1024K), 1 survivors (1024K)
 Metaspace       used 74644K, committed 75392K, reserved 1114112K
  class space    used 9997K, committed 10304K, reserved 1048576K
}
Event: 19.753 GC heap before
{Heap before GC invocations=43 (full 0):
 garbage-first heap   total 209920K, used 161219K [0x0000000080000000, 0x0000000100000000)
  region size 1024K, 53 young (54272K), 1 survivors (1024K)
 Metaspace       used 76924K, committed 77696K, reserved 1122304K
  class space    used 10307K, committed 10624K, reserved 1048576K
}
Event: 19.779 GC heap after
{Heap after GC invocations=44 (full 0):
 garbage-first heap   total 209920K, used 111136K [0x0000000080000000, 0x0000000100000000)
  region size 1024K, 4 young (4096K), 4 survivors (4096K)
 Metaspace       used 76924K, committed 77696K, reserved 1122304K
  class space    used 10307K, committed 10624K, reserved 1048576K
}
Event: 21.263 GC heap before
{Heap before GC invocations=45 (full 0):
 garbage-first heap   total 209920K, used 169504K [0x0000000080000000, 0x0000000100000000)
  region size 1024K, 61 young (62464K), 4 survivors (4096K)
 Metaspace       used 82408K, committed 83136K, reserved 1122304K
  class space    used 11252K, committed 11584K, reserved 1048576K
}
Event: 21.273 GC heap after
{Heap after GC invocations=46 (full 0):
 garbage-first heap   total 209920K, used 114422K [0x0000000080000000, 0x0000000100000000)
  region size 1024K, 7 young (7168K), 7 survivors (7168K)
 Metaspace       used 82408K, committed 83136K, reserved 1122304K
  class space    used 11252K, committed 11584K, reserved 1048576K
}
Event: 21.319 GC heap before
{Heap before GC invocations=46 (full 0):
 garbage-first heap   total 209920K, used 117494K [0x0000000080000000, 0x0000000100000000)
  region size 1024K, 10 young (10240K), 7 survivors (7168K)
 Metaspace       used 82676K, committed 83392K, reserved 1122304K
  class space    used 11287K, committed 11648K, reserved 1048576K
}
Event: 21.328 GC heap after
{Heap after GC invocations=47 (full 0):
 garbage-first heap   total 209920K, used 114786K [0x0000000080000000, 0x0000000100000000)
  region size 1024K, 1 young (1024K), 1 survivors (1024K)
 Metaspace       used 82676K, committed 83392K, reserved 1122304K
  class space    used 11287K, committed 11648K, reserved 1048576K
}
Event: 21.835 GC heap before
{Heap before GC invocations=47 (full 0):
 garbage-first heap   total 209920K, used 136290K [0x0000000080000000, 0x0000000100000000)
  region size 1024K, 23 young (23552K), 1 survivors (1024K)
 Metaspace       used 85053K, committed 85824K, reserved 1130496K
  class space    used 11612K, committed 11968K, reserved 1048576K
}
Event: 21.843 GC heap after
{Heap after GC invocations=48 (full 0):
 garbage-first heap   total 419840K, used 116116K [0x0000000080000000, 0x0000000100000000)
  region size 1024K, 3 young (3072K), 3 survivors (3072K)
 Metaspace       used 85053K, committed 85824K, reserved 1130496K
  class space    used 11612K, committed 11968K, reserved 1048576K
}
Event: 21.849 GC heap before
{Heap before GC invocations=48 (full 0):
 garbage-first heap   total 419840K, used 118164K [0x0000000080000000, 0x0000000100000000)
  region size 1024K, 4 young (4096K), 3 survivors (3072K)
 Metaspace       used 85053K, committed 85824K, reserved 1130496K
  class space    used 11612K, committed 11968K, reserved 1048576K
}
Event: 21.852 GC heap after
{Heap after GC invocations=49 (full 0):
 garbage-first heap   total 419840K, used 118314K [0x0000000080000000, 0x0000000100000000)
  region size 1024K, 3 young (3072K), 3 survivors (3072K)
 Metaspace       used 85053K, committed 85824K, reserved 1130496K
  class space    used 11612K, committed 11968K, reserved 1048576K
}
Event: 30.973 GC heap before
{Heap before GC invocations=50 (full 0):
 garbage-first heap   total 419840K, used 325162K [0x0000000080000000, 0x0000000100000000)
  region size 1024K, 177 young (181248K), 3 survivors (3072K)
 Metaspace       used 101013K, committed 101824K, reserved 1138688K
  class space    used 13598K, committed 13952K, reserved 1048576K
}
Event: 31.003 GC heap after
{Heap after GC invocations=51 (full 0):
 garbage-first heap   total 419840K, used 162129K [0x0000000080000000, 0x0000000100000000)
  region size 1024K, 19 young (19456K), 19 survivors (19456K)
 Metaspace       used 101013K, committed 101824K, reserved 1138688K
  class space    used 13598K, committed 13952K, reserved 1048576K
}
Event: 31.138 GC heap before
{Heap before GC invocations=51 (full 0):
 garbage-first heap   total 419840K, used 163153K [0x0000000080000000, 0x0000000100000000)
  region size 1024K, 20 young (20480K), 19 survivors (19456K)
 Metaspace       used 101030K, committed 101824K, reserved 1138688K
  class space    used 13598K, committed 13952K, reserved 1048576K
}
Event: 31.156 GC heap after
{Heap after GC invocations=52 (full 0):
 garbage-first heap   total 419840K, used 164293K [0x0000000080000000, 0x0000000100000000)
  region size 1024K, 2 young (2048K), 2 survivors (2048K)
 Metaspace       used 101030K, committed 101824K, reserved 1138688K
  class space    used 13598K, committed 13952K, reserved 1048576K
}
Event: 60.100 GC heap before
{Heap before GC invocations=52 (full 0):
 garbage-first heap   total 419840K, used 328133K [0x0000000080000000, 0x0000000100000000)
  region size 1024K, 163 young (166912K), 2 survivors (2048K)
 Metaspace       used 107255K, committed 108224K, reserved 1146880K
  class space    used 14326K, committed 14784K, reserved 1048576K
}
Event: 60.128 GC heap after
{Heap after GC invocations=53 (full 0):
 garbage-first heap   total 419840K, used 177751K [0x0000000080000000, 0x0000000100000000)
  region size 1024K, 16 young (16384K), 16 survivors (16384K)
 Metaspace       used 107255K, committed 108224K, reserved 1146880K
  class space    used 14326K, committed 14784K, reserved 1048576K
}

