# JRE version: OpenJDK Runtime Environment (17.0.6) (build 17.0.6+0-b2043.56-9746777)
# Java VM: OpenJDK 64-Bit Server VM (17.0.6+0-b2043.56-9746777, mixed mode, tiered, compressed oops, compressed class ptrs, g1 gc, windows-amd64)
GC Precious Log:
 CPUs: 4 total, 4 available
 Memory: 7991M
 Large Page Support: Disabled
 NUMA Support: Disabled
 Compressed Oops: Enabled (32-bit)
 Heap Region Size: 1M
 Heap Min Capacity: 8M
 Heap Initial Capacity: 126M
 Heap Max Capacity: 2G
 Pre-touch: Disabled
 Parallel Workers: 4
 Concurrent Workers: 1
 Concurrent Refinement Workers: 4
 Periodic GC: Disabled
Heap:
 garbage-first heap   total 186368K, used 130423K [0x0000000080000000, 0x0000000100000000)
  region size 1024K, 3 young (3072K), 3 survivors (3072K)
 Metaspace       used 91079K, committed 91776K, reserved 1130496K
  class space    used 12389K, committed 12736K, reserved 1048576K
GC Heap History (20 events):
Event: 49.327 GC heap after
{Heap after GC invocations=54 (full 0):
 garbage-first heap   total 128000K, used 75134K [0x0000000080000000, 0x0000000100000000)
  region size 1024K, 5 young (5120K), 5 survivors (5120K)
 Metaspace       used 84917K, committed 85568K, reserved 1130496K
  class space    used 11605K, committed 11904K, reserved 1048576K
}
Event: 50.486 GC heap before
{Heap before GC invocations=54 (full 0):
 garbage-first heap   total 128000K, used 102782K [0x0000000080000000, 0x0000000100000000)
  region size 1024K, 33 young (33792K), 5 survivors (5120K)
 Metaspace       used 86508K, committed 87104K, reserved 1130496K
  class space    used 11889K, committed 12160K, reserved 1048576K
}
Event: 50.497 GC heap after
{Heap after GC invocations=55 (full 0):
 garbage-first heap   total 128000K, used 79986K [0x0000000080000000, 0x0000000100000000)
  region size 1024K, 5 young (5120K), 5 survivors (5120K)
 Metaspace       used 86508K, committed 87104K, reserved 1130496K
  class space    used 11889K, committed 12160K, reserved 1048576K
}
Event: 53.540 GC heap before
{Heap before GC invocations=55 (full 0):
 garbage-first heap   total 128000K, used 103538K [0x0000000080000000, 0x0000000100000000)
  region size 1024K, 29 young (29696K), 5 survivors (5120K)
 Metaspace       used 86674K, committed 87232K, reserved 1130496K
  class space    used 11892K, committed 12160K, reserved 1048576K
}
Event: 53.555 GC heap after
{Heap after GC invocations=56 (full 0):
 garbage-first heap   total 128000K, used 82125K [0x0000000080000000, 0x0000000100000000)
  region size 1024K, 4 young (4096K), 4 survivors (4096K)
 Metaspace       used 86674K, committed 87232K, reserved 1130496K
  class space    used 11892K, committed 12160K, reserved 1048576K
}
Event: 54.461 GC heap before
{Heap before GC invocations=56 (full 0):
 garbage-first heap   total 128000K, used 103629K [0x0000000080000000, 0x0000000100000000)
  region size 1024K, 26 young (26624K), 4 survivors (4096K)
 Metaspace       used 86796K, committed 87424K, reserved 1130496K
  class space    used 11894K, committed 12160K, reserved 1048576K
}
Event: 54.473 GC heap after
{Heap after GC invocations=57 (full 0):
 garbage-first heap   total 128000K, used 84262K [0x0000000080000000, 0x0000000100000000)
  region size 1024K, 4 young (4096K), 4 survivors (4096K)
 Metaspace       used 86796K, committed 87424K, reserved 1130496K
  class space    used 11894K, committed 12160K, reserved 1048576K
}
Event: 55.209 GC heap before
{Heap before GC invocations=57 (full 0):
 garbage-first heap   total 128000K, used 108838K [0x0000000080000000, 0x0000000100000000)
  region size 1024K, 25 young (25600K), 4 survivors (4096K)
 Metaspace       used 89462K, committed 90112K, reserved 1130496K
  class space    used 12216K, committed 12480K, reserved 1048576K
}
Event: 55.223 GC heap after
{Heap after GC invocations=58 (full 0):
 garbage-first heap   total 128000K, used 91028K [0x0000000080000000, 0x0000000100000000)
  region size 1024K, 4 young (4096K), 4 survivors (4096K)
 Metaspace       used 89462K, committed 90112K, reserved 1130496K
  class space    used 12216K, committed 12480K, reserved 1048576K
}
Event: 55.666 GC heap before
{Heap before GC invocations=58 (full 0):
 garbage-first heap   total 128000K, used 105364K [0x0000000080000000, 0x0000000100000000)
  region size 1024K, 18 young (18432K), 4 survivors (4096K)
 Metaspace       used 90295K, committed 90944K, reserved 1130496K
  class space    used 12308K, committed 12608K, reserved 1048576K
}
Event: 55.687 GC heap after
{Heap after GC invocations=59 (full 0):
 garbage-first heap   total 182272K, used 97980K [0x0000000080000000, 0x0000000100000000)
  region size 1024K, 3 young (3072K), 3 survivors (3072K)
 Metaspace       used 90295K, committed 90944K, reserved 1130496K
  class space    used 12308K, committed 12608K, reserved 1048576K
}
Event: 56.336 GC heap before
{Heap before GC invocations=60 (full 0):
 garbage-first heap   total 186368K, used 127676K [0x0000000080000000, 0x0000000100000000)
  region size 1024K, 32 young (32768K), 3 survivors (3072K)
 Metaspace       used 90417K, committed 91008K, reserved 1130496K
  class space    used 12325K, committed 12608K, reserved 1048576K
}
Event: 56.387 GC heap after
{Heap after GC invocations=61 (full 0):
 garbage-first heap   total 186368K, used 118784K [0x0000000080000000, 0x0000000100000000)
  region size 1024K, 4 young (4096K), 4 survivors (4096K)
 Metaspace       used 90417K, committed 91008K, reserved 1130496K
  class space    used 12325K, committed 12608K, reserved 1048576K
}
Event: 56.529 GC heap before
{Heap before GC invocations=61 (full 0):
 garbage-first heap   total 186368K, used 122880K [0x0000000080000000, 0x0000000100000000)
  region size 1024K, 9 young (9216K), 4 survivors (4096K)
 Metaspace       used 90706K, committed 91392K, reserved 1130496K
  class space    used 12358K, committed 12672K, reserved 1048576K
}
Event: 56.552 GC heap after
{Heap after GC invocations=62 (full 0):
 garbage-first heap   total 186368K, used 119234K [0x0000000080000000, 0x0000000100000000)
  region size 1024K, 1 young (1024K), 1 survivors (1024K)
 Metaspace       used 90706K, committed 91392K, reserved 1130496K
  class space    used 12358K, committed 12672K, reserved 1048576K
}
Event: 57.177 GC heap before
{Heap before GC invocations=62 (full 0):
 garbage-first heap   total 186368K, used 138690K [0x0000000080000000, 0x0000000100000000)
  region size 1024K, 20 young (20480K), 1 survivors (1024K)
 Metaspace       used 90940K, committed 91648K, reserved 1130496K
  class space    used 12377K, committed 12736K, reserved 1048576K
}
Event: 57.188 GC heap after
{Heap after GC invocations=63 (full 0):
 garbage-first heap   total 186368K, used 122601K [0x0000000080000000, 0x0000000100000000)
  region size 1024K, 3 young (3072K), 3 survivors (3072K)
 Metaspace       used 90940K, committed 91648K, reserved 1130496K
  class space    used 12377K, committed 12736K, reserved 1048576K
}
Event: 57.605 GC heap before
{Heap before GC invocations=63 (full 0):
 garbage-first heap   total 186368K, used 149225K [0x0000000080000000, 0x0000000100000000)
  region size 1024K, 22 young (22528K), 3 survivors (3072K)
 Metaspace       used 91079K, committed 91776K, reserved 1130496K
  class space    used 12389K, committed 12736K, reserved 1048576K
}
Event: 57.620 GC heap after
{Heap after GC invocations=64 (full 0):
 garbage-first heap   total 186368K, used 127877K [0x0000000080000000, 0x0000000100000000)
  region size 1024K, 3 young (3072K), 3 survivors (3072K)
 Metaspace       used 91079K, committed 91776K, reserved 1130496K
  class space    used 12389K, committed 12736K, reserved 1048576K
}
Event: 58.183 GC heap before
{Heap before GC invocations=64 (full 0):
 garbage-first heap   total 186368K, used 147333K [0x0000000080000000, 0x0000000100000000)
  region size 1024K, 22 young (22528K), 3 survivors (3072K)
 Metaspace       used 91079K, committed 91776K, reserved 1130496K
  class space    used 12389K, committed 12736K, reserved 1048576K
}

