# JRE version: OpenJDK Runtime Environment (17.0.6) (build 17.0.6+0-b2043.56-9746777)
# Java VM: OpenJDK 64-Bit Server VM (17.0.6+0-b2043.56-9746777, mixed mode, tiered, compressed oops, compressed class ptrs, g1 gc, windows-amd64)
GC Precious Log:
 CPUs: 4 total, 4 available
 Memory: 7991M
 Large Page Support: Disabled
 NUMA Support: Disabled
 Compressed Oops: Enabled (32-bit)
 Heap Region Size: 1M
 Heap Min Capacity: 8M
 Heap Initial Capacity: 126M
 Heap Max Capacity: 2G
 Pre-touch: Disabled
 Parallel Workers: 4
 Concurrent Workers: 1
 Concurrent Refinement Workers: 4
 Periodic GC: Disabled
Heap:
 garbage-first heap   total 160768K, used 81920K [0x0000000080000000, 0x0000000100000000)
  region size 1024K, 7 young (7168K), 7 survivors (7168K)
 Metaspace       used 86420K, committed 87040K, reserved 1130496K
  class space    used 11905K, committed 12160K, reserved 1048576K
GC Heap History (20 events):
Event: 16.773 GC heap after
{Heap after GC invocations=28 (full 0):
 garbage-first heap   total 92160K, used 60562K [0x0000000080000000, 0x0000000100000000)
  region size 1024K, 1 young (1024K), 1 survivors (1024K)
 Metaspace       used 65079K, committed 65664K, reserved 1105920K
  class space    used 8696K, committed 8960K, reserved 1048576K
}
Event: 16.774 GC heap before
{Heap before GC invocations=28 (full 0):
 garbage-first heap   total 92160K, used 60562K [0x0000000080000000, 0x0000000100000000)
  region size 1024K, 2 young (2048K), 1 survivors (1024K)
 Metaspace       used 65079K, committed 65664K, reserved 1105920K
  class space    used 8696K, committed 8960K, reserved 1048576K
}
Event: 16.775 GC heap after
{Heap after GC invocations=29 (full 0):
 garbage-first heap   total 92160K, used 60265K [0x0000000080000000, 0x0000000100000000)
  region size 1024K, 1 young (1024K), 1 survivors (1024K)
 Metaspace       used 65079K, committed 65664K, reserved 1105920K
  class space    used 8696K, committed 8960K, reserved 1048576K
}
Event: 17.130 GC heap before
{Heap before GC invocations=30 (full 0):
 garbage-first heap   total 112640K, used 75625K [0x0000000080000000, 0x0000000100000000)
  region size 1024K, 14 young (14336K), 1 survivors (1024K)
 Metaspace       used 66342K, committed 66880K, reserved 1114112K
  class space    used 8854K, committed 9088K, reserved 1048576K
}
Event: 17.133 GC heap after
{Heap after GC invocations=31 (full 0):
 garbage-first heap   total 112640K, used 61750K [0x0000000080000000, 0x0000000100000000)
  region size 1024K, 2 young (2048K), 2 survivors (2048K)
 Metaspace       used 66342K, committed 66880K, reserved 1114112K
  class space    used 8854K, committed 9088K, reserved 1048576K
}
Event: 17.196 GC heap before
{Heap before GC invocations=31 (full 0):
 garbage-first heap   total 112640K, used 64822K [0x0000000080000000, 0x0000000100000000)
  region size 1024K, 5 young (5120K), 2 survivors (2048K)
 Metaspace       used 66609K, committed 67200K, reserved 1114112K
  class space    used 8886K, committed 9152K, reserved 1048576K
}
Event: 17.200 GC heap after
{Heap after GC invocations=32 (full 0):
 garbage-first heap   total 160768K, used 61356K [0x0000000080000000, 0x0000000100000000)
  region size 1024K, 1 young (1024K), 1 survivors (1024K)
 Metaspace       used 66609K, committed 67200K, reserved 1114112K
  class space    used 8886K, committed 9152K, reserved 1048576K
}
Event: 18.492 GC heap before
{Heap before GC invocations=32 (full 0):
 garbage-first heap   total 160768K, used 118700K [0x0000000080000000, 0x0000000100000000)
  region size 1024K, 57 young (58368K), 1 survivors (1024K)
 Metaspace       used 69634K, committed 70144K, reserved 1114112K
  class space    used 9294K, committed 9536K, reserved 1048576K
}
Event: 18.498 GC heap after
{Heap after GC invocations=33 (full 0):
 garbage-first heap   total 160768K, used 65344K [0x0000000080000000, 0x0000000100000000)
  region size 1024K, 5 young (5120K), 5 survivors (5120K)
 Metaspace       used 69634K, committed 70144K, reserved 1114112K
  class space    used 9294K, committed 9536K, reserved 1048576K
}
Event: 19.849 GC heap before
{Heap before GC invocations=34 (full 0):
 garbage-first heap   total 160768K, used 119616K [0x0000000080000000, 0x0000000100000000)
  region size 1024K, 61 young (62464K), 5 survivors (5120K)
 Metaspace       used 74472K, committed 75008K, reserved 1114112K
  class space    used 10139K, committed 10368K, reserved 1048576K
}
Event: 19.860 GC heap after
{Heap after GC invocations=35 (full 0):
 garbage-first heap   total 160768K, used 64468K [0x0000000080000000, 0x0000000100000000)
  region size 1024K, 8 young (8192K), 8 survivors (8192K)
 Metaspace       used 74472K, committed 75008K, reserved 1114112K
  class space    used 10139K, committed 10368K, reserved 1048576K
}
Event: 19.891 GC heap before
{Heap before GC invocations=35 (full 0):
 garbage-first heap   total 160768K, used 65492K [0x0000000080000000, 0x0000000100000000)
  region size 1024K, 9 young (9216K), 8 survivors (8192K)
 Metaspace       used 74603K, committed 75200K, reserved 1114112K
  class space    used 10161K, committed 10432K, reserved 1048576K
}
Event: 19.900 GC heap after
{Heap after GC invocations=36 (full 0):
 garbage-first heap   total 160768K, used 64343K [0x0000000080000000, 0x0000000100000000)
  region size 1024K, 1 young (1024K), 1 survivors (1024K)
 Metaspace       used 74603K, committed 75200K, reserved 1114112K
  class space    used 10161K, committed 10432K, reserved 1048576K
}
Event: 21.954 GC heap before
{Heap before GC invocations=36 (full 0):
 garbage-first heap   total 160768K, used 125783K [0x0000000080000000, 0x0000000100000000)
  region size 1024K, 61 young (62464K), 1 survivors (1024K)
 Metaspace       used 80557K, committed 81088K, reserved 1122304K
  class space    used 11042K, committed 11264K, reserved 1048576K
}
Event: 21.964 GC heap after
{Heap after GC invocations=37 (full 0):
 garbage-first heap   total 160768K, used 67530K [0x0000000080000000, 0x0000000100000000)
  region size 1024K, 4 young (4096K), 4 survivors (4096K)
 Metaspace       used 80557K, committed 81088K, reserved 1122304K
  class space    used 11042K, committed 11264K, reserved 1048576K
}
Event: 23.182 GC heap before
{Heap before GC invocations=38 (full 0):
 garbage-first heap   total 160768K, used 127946K [0x0000000080000000, 0x0000000100000000)
  region size 1024K, 63 young (64512K), 4 survivors (4096K)
 Metaspace       used 84607K, committed 85184K, reserved 1122304K
  class space    used 11588K, committed 11840K, reserved 1048576K
}
Event: 23.194 GC heap after
{Heap after GC invocations=39 (full 0):
 garbage-first heap   total 160768K, used 73931K [0x0000000080000000, 0x0000000100000000)
  region size 1024K, 8 young (8192K), 8 survivors (8192K)
 Metaspace       used 84607K, committed 85184K, reserved 1122304K
  class space    used 11588K, committed 11840K, reserved 1048576K
}
Event: 23.202 GC heap before
{Heap before GC invocations=39 (full 0):
 garbage-first heap   total 160768K, used 74955K [0x0000000080000000, 0x0000000100000000)
  region size 1024K, 9 young (9216K), 8 survivors (8192K)
 Metaspace       used 84610K, committed 85248K, reserved 1122304K
  class space    used 11588K, committed 11840K, reserved 1048576K
}
Event: 23.211 GC heap after
{Heap after GC invocations=40 (full 0):
 garbage-first heap   total 160768K, used 74765K [0x0000000080000000, 0x0000000100000000)
  region size 1024K, 2 young (2048K), 2 survivors (2048K)
 Metaspace       used 84610K, committed 85248K, reserved 1122304K
  class space    used 11588K, committed 11840K, reserved 1048576K
}
Event: 24.710 GC heap before
{Heap before GC invocations=40 (full 0):
 garbage-first heap   total 160768K, used 126989K [0x0000000080000000, 0x0000000100000000)
  region size 1024K, 54 young (55296K), 2 survivors (2048K)
 Metaspace       used 86420K, committed 87040K, reserved 1130496K
  class space    used 11905K, committed 12160K, reserved 1048576K
}

