# JRE version: OpenJDK Runtime Environment (17.0.6) (build 17.0.6+0-b2043.56-9746777)
# Java VM: OpenJDK 64-Bit Server VM (17.0.6+0-b2043.56-9746777, mixed mode, tiered, compressed oops, compressed class ptrs, g1 gc, windows-amd64)
GC Precious Log:
 CPUs: 4 total, 4 available
 Memory: 7991M
 Large Page Support: Disabled
 NUMA Support: Disabled
 Compressed Oops: Enabled (32-bit)
 Heap Region Size: 1M
 Heap Min Capacity: 8M
 Heap Initial Capacity: 126M
 Heap Max Capacity: 2G
 Pre-touch: Disabled
 Parallel Workers: 4
 Concurrent Workers: 1
 Concurrent Refinement Workers: 4
 Periodic GC: Disabled
Heap:
 garbage-first heap   total 474112K, used 162261K [0x0000000080000000, 0x0000000100000000)
  region size 1024K, 3 young (3072K), 3 survivors (3072K)
 Metaspace       used 137518K, committed 138752K, reserved 1171456K
  class space    used 17962K, committed 18560K, reserved 1048576K
GC Heap History (20 events):
Event: 2383.812 GC heap after
{Heap after GC invocations=70 (full 0):
 garbage-first heap   total 474112K, used 170615K [0x0000000080000000, 0x0000000100000000)
  region size 1024K, 7 young (7168K), 7 survivors (7168K)
 Metaspace       used 137007K, committed 138304K, reserved 1171456K
  class space    used 17944K, committed 18560K, reserved 1048576K
}
Event: 2383.944 GC heap before
{Heap before GC invocations=70 (full 0):
 garbage-first heap   total 474112K, used 189047K [0x0000000080000000, 0x0000000100000000)
  region size 1024K, 23 young (23552K), 7 survivors (7168K)
 Metaspace       used 137027K, committed 138304K, reserved 1171456K
  class space    used 17944K, committed 18560K, reserved 1048576K
}
Event: 2383.957 GC heap after
{Heap after GC invocations=71 (full 0):
 garbage-first heap   total 474112K, used 167924K [0x0000000080000000, 0x0000000100000000)
  region size 1024K, 3 young (3072K), 3 survivors (3072K)
 Metaspace       used 137027K, committed 138304K, reserved 1171456K
  class space    used 17944K, committed 18560K, reserved 1048576K
}
Event: 2384.109 GC heap before
{Heap before GC invocations=71 (full 0):
 garbage-first heap   total 474112K, used 238580K [0x0000000080000000, 0x0000000100000000)
  region size 1024K, 74 young (75776K), 3 survivors (3072K)
 Metaspace       used 137030K, committed 138304K, reserved 1171456K
  class space    used 17944K, committed 18560K, reserved 1048576K
}
Event: 2384.142 GC heap after
{Heap after GC invocations=72 (full 0):
 garbage-first heap   total 474112K, used 206336K [0x0000000080000000, 0x0000000100000000)
  region size 1024K, 18 young (18432K), 18 survivors (18432K)
 Metaspace       used 137030K, committed 138304K, reserved 1171456K
  class space    used 17944K, committed 18560K, reserved 1048576K
}
Event: 2711.307 GC heap before
{Heap before GC invocations=73 (full 0):
 garbage-first heap   total 474112K, used 320000K [0x0000000080000000, 0x0000000100000000)
  region size 1024K, 120 young (122880K), 18 survivors (18432K)
 Metaspace       used 137136K, committed 138432K, reserved 1171456K
  class space    used 17944K, committed 18560K, reserved 1048576K
}
Event: 2711.510 GC heap after
{Heap after GC invocations=74 (full 0):
 garbage-first heap   total 474112K, used 173568K [0x0000000080000000, 0x0000000100000000)
  region size 1024K, 3 young (3072K), 3 survivors (3072K)
 Metaspace       used 137136K, committed 138432K, reserved 1171456K
  class space    used 17944K, committed 18560K, reserved 1048576K
}
Event: 3721.310 GC heap before
{Heap before GC invocations=74 (full 0):
 garbage-first heap   total 474112K, used 193024K [0x0000000080000000, 0x0000000100000000)
  region size 1024K, 23 young (23552K), 3 survivors (3072K)
 Metaspace       used 137145K, committed 138432K, reserved 1171456K
  class space    used 17946K, committed 18560K, reserved 1048576K
}
Event: 3721.626 GC heap after
{Heap after GC invocations=75 (full 0):
 garbage-first heap   total 474112K, used 158708K [0x0000000080000000, 0x0000000100000000)
  region size 1024K, 1 young (1024K), 1 survivors (1024K)
 Metaspace       used 137145K, committed 138432K, reserved 1171456K
  class space    used 17946K, committed 18560K, reserved 1048576K
}
Event: 4311.979 GC heap before
{Heap before GC invocations=75 (full 0):
 garbage-first heap   total 474112K, used 214004K [0x0000000080000000, 0x0000000100000000)
  region size 1024K, 57 young (58368K), 1 survivors (1024K)
 Metaspace       used 137228K, committed 138560K, reserved 1171456K
  class space    used 17946K, committed 18560K, reserved 1048576K
}
Event: 4312.034 GC heap after
{Heap after GC invocations=76 (full 0):
 garbage-first heap   total 474112K, used 164285K [0x0000000080000000, 0x0000000100000000)
  region size 1024K, 7 young (7168K), 7 survivors (7168K)
 Metaspace       used 137228K, committed 138560K, reserved 1171456K
  class space    used 17946K, committed 18560K, reserved 1048576K
}
Event: 4313.213 GC heap before
{Heap before GC invocations=76 (full 0):
 garbage-first heap   total 474112K, used 180669K [0x0000000080000000, 0x0000000100000000)
  region size 1024K, 58 young (59392K), 7 survivors (7168K)
 Metaspace       used 137135K, committed 138624K, reserved 1171456K
  class space    used 17924K, committed 18560K, reserved 1048576K
}
Event: 4313.329 GC heap after
{Heap after GC invocations=77 (full 0):
 garbage-first heap   total 474112K, used 159997K [0x0000000080000000, 0x0000000100000000)
  region size 1024K, 8 young (8192K), 8 survivors (8192K)
 Metaspace       used 137135K, committed 138624K, reserved 1171456K
  class space    used 17924K, committed 18560K, reserved 1048576K
}
Event: 4313.626 GC heap before
{Heap before GC invocations=78 (full 0):
 garbage-first heap   total 474112K, used 200957K [0x0000000080000000, 0x0000000100000000)
  region size 1024K, 40 young (40960K), 8 survivors (8192K)
 Metaspace       used 137229K, committed 138624K, reserved 1171456K
  class space    used 17931K, committed 18560K, reserved 1048576K
}
Event: 4313.685 GC heap after
{Heap after GC invocations=79 (full 0):
 garbage-first heap   total 474112K, used 168960K [0x0000000080000000, 0x0000000100000000)
  region size 1024K, 5 young (5120K), 5 survivors (5120K)
 Metaspace       used 137229K, committed 138624K, reserved 1171456K
  class space    used 17931K, committed 18560K, reserved 1048576K
}
Event: 4313.737 GC heap before
{Heap before GC invocations=79 (full 0):
 garbage-first heap   total 474112K, used 187392K [0x0000000080000000, 0x0000000100000000)
  region size 1024K, 23 young (23552K), 5 survivors (5120K)
 Metaspace       used 137230K, committed 138624K, reserved 1171456K
  class space    used 17931K, committed 18560K, reserved 1048576K
}
Event: 4313.748 GC heap after
{Heap after GC invocations=80 (full 0):
 garbage-first heap   total 474112K, used 169273K [0x0000000080000000, 0x0000000100000000)
  region size 1024K, 3 young (3072K), 3 survivors (3072K)
 Metaspace       used 137230K, committed 138624K, reserved 1171456K
  class space    used 17931K, committed 18560K, reserved 1048576K
}
Event: 4313.839 GC heap before
{Heap before GC invocations=80 (full 0):
 garbage-first heap   total 474112K, used 189753K [0x0000000080000000, 0x0000000100000000)
  region size 1024K, 23 young (23552K), 3 survivors (3072K)
 Metaspace       used 137248K, committed 138624K, reserved 1171456K
  class space    used 17933K, committed 18560K, reserved 1048576K
}
Event: 4313.857 GC heap after
{Heap after GC invocations=81 (full 0):
 garbage-first heap   total 474112K, used 161235K [0x0000000080000000, 0x0000000100000000)
  region size 1024K, 3 young (3072K), 3 survivors (3072K)
 Metaspace       used 137248K, committed 138624K, reserved 1171456K
  class space    used 17933K, committed 18560K, reserved 1048576K
}
Event: 4314.237 GC heap before
{Heap before GC invocations=81 (full 0):
 garbage-first heap   total 474112K, used 210387K [0x0000000080000000, 0x0000000100000000)
  region size 1024K, 23 young (23552K), 3 survivors (3072K)
 Metaspace       used 137518K, committed 138752K, reserved 1171456K
  class space    used 17962K, committed 18560K, reserved 1048576K
}

