# JRE version: OpenJDK Runtime Environment (17.0.6) (build 17.0.6+0-b2043.56-9746777)
# Java VM: OpenJDK 64-Bit Server VM (17.0.6+0-b2043.56-9746777, mixed mode, tiered, compressed oops, compressed class ptrs, g1 gc, windows-amd64)
GC Precious Log:
 CPUs: 4 total, 4 available
 Memory: 7991M
 Large Page Support: Disabled
 NUMA Support: Disabled
 Compressed Oops: Enabled (32-bit)
 Heap Region Size: 1M
 Heap Min Capacity: 8M
 Heap Initial Capacity: 126M
 Heap Max Capacity: 2G
 Pre-touch: Disabled
 Parallel Workers: 4
 Concurrent Workers: 1
 Concurrent Refinement Workers: 4
 Periodic GC: Disabled
Heap:
 garbage-first heap   total 116736K, used 92949K [0x0000000080000000, 0x0000000100000000)
  region size 1024K, 31 young (31744K), 2 survivors (2048K)
 Metaspace       used 83847K, committed 84480K, reserved 1122304K
  class space    used 11512K, committed 11776K, reserved 1048576K
GC Heap History (20 events):
Event: 9.605 GC heap before
{Heap before GC invocations=17 (full 0):
 garbage-first heap   total 100352K, used 73315K [0x0000000080000000, 0x0000000100000000)
  region size 1024K, 32 young (32768K), 2 survivors (2048K)
 Metaspace       used 57442K, committed 57984K, reserved 1105920K
  class space    used 7710K, committed 7936K, reserved 1048576K
}
Event: 9.608 GC heap after
{Heap after GC invocations=18 (full 0):
 garbage-first heap   total 100352K, used 47410K [0x0000000080000000, 0x0000000100000000)
  region size 1024K, 4 young (4096K), 4 survivors (4096K)
 Metaspace       used 57442K, committed 57984K, reserved 1105920K
  class space    used 7710K, committed 7936K, reserved 1048576K
}
Event: 10.034 GC heap before
{Heap before GC invocations=18 (full 0):
 garbage-first heap   total 100352K, used 62770K [0x0000000080000000, 0x0000000100000000)
  region size 1024K, 21 young (21504K), 4 survivors (4096K)
 Metaspace       used 59881K, committed 60416K, reserved 1105920K
  class space    used 7999K, committed 8192K, reserved 1048576K
}
Event: 10.038 GC heap after
{Heap after GC invocations=19 (full 0):
 garbage-first heap   total 100352K, used 48035K [0x0000000080000000, 0x0000000100000000)
  region size 1024K, 1 young (1024K), 1 survivors (1024K)
 Metaspace       used 59881K, committed 60416K, reserved 1105920K
  class space    used 7999K, committed 8192K, reserved 1048576K
}
Event: 10.717 GC heap before
{Heap before GC invocations=20 (full 0):
 garbage-first heap   total 100352K, used 75683K [0x0000000080000000, 0x0000000100000000)
  region size 1024K, 29 young (29696K), 1 survivors (1024K)
 Metaspace       used 64933K, committed 65536K, reserved 1105920K
  class space    used 8687K, committed 8960K, reserved 1048576K
}
Event: 10.721 GC heap after
{Heap after GC invocations=21 (full 0):
 garbage-first heap   total 100352K, used 50399K [0x0000000080000000, 0x0000000100000000)
  region size 1024K, 3 young (3072K), 3 survivors (3072K)
 Metaspace       used 64933K, committed 65536K, reserved 1105920K
  class space    used 8687K, committed 8960K, reserved 1048576K
}
Event: 11.068 GC heap before
{Heap before GC invocations=22 (full 0):
 garbage-first heap   total 116736K, used 83167K [0x0000000080000000, 0x0000000100000000)
  region size 1024K, 29 young (29696K), 3 survivors (3072K)
 Metaspace       used 66583K, committed 67136K, reserved 1114112K
  class space    used 8893K, committed 9152K, reserved 1048576K
}
Event: 11.076 GC heap after
{Heap after GC invocations=23 (full 0):
 garbage-first heap   total 116736K, used 52980K [0x0000000080000000, 0x0000000100000000)
  region size 1024K, 4 young (4096K), 4 survivors (4096K)
 Metaspace       used 66583K, committed 67136K, reserved 1114112K
  class space    used 8893K, committed 9152K, reserved 1048576K
}
Event: 12.130 GC heap before
{Heap before GC invocations=23 (full 0):
 garbage-first heap   total 116736K, used 85748K [0x0000000080000000, 0x0000000100000000)
  region size 1024K, 36 young (36864K), 4 survivors (4096K)
 Metaspace       used 69337K, committed 69888K, reserved 1114112K
  class space    used 9262K, committed 9536K, reserved 1048576K
}
Event: 12.137 GC heap after
{Heap after GC invocations=24 (full 0):
 garbage-first heap   total 116736K, used 55111K [0x0000000080000000, 0x0000000100000000)
  region size 1024K, 3 young (3072K), 3 survivors (3072K)
 Metaspace       used 69337K, committed 69888K, reserved 1114112K
  class space    used 9262K, committed 9536K, reserved 1048576K
}
Event: 12.312 GC heap before
{Heap before GC invocations=24 (full 0):
 garbage-first heap   total 116736K, used 87879K [0x0000000080000000, 0x0000000100000000)
  region size 1024K, 35 young (35840K), 3 survivors (3072K)
 Metaspace       used 69515K, committed 70080K, reserved 1114112K
  class space    used 9293K, committed 9536K, reserved 1048576K
}
Event: 12.317 GC heap after
{Heap after GC invocations=25 (full 0):
 garbage-first heap   total 116736K, used 57759K [0x0000000080000000, 0x0000000100000000)
  region size 1024K, 5 young (5120K), 5 survivors (5120K)
 Metaspace       used 69515K, committed 70080K, reserved 1114112K
  class space    used 9293K, committed 9536K, reserved 1048576K
}
Event: 12.654 GC heap before
{Heap before GC invocations=26 (full 0):
 garbage-first heap   total 116736K, used 77215K [0x0000000080000000, 0x0000000100000000)
  region size 1024K, 25 young (25600K), 5 survivors (5120K)
 Metaspace       used 71378K, committed 71936K, reserved 1114112K
  class space    used 9551K, committed 9792K, reserved 1048576K
}
Event: 12.661 GC heap after
{Heap after GC invocations=27 (full 0):
 garbage-first heap   total 116736K, used 59205K [0x0000000080000000, 0x0000000100000000)
  region size 1024K, 2 young (2048K), 2 survivors (2048K)
 Metaspace       used 71378K, committed 71936K, reserved 1114112K
  class space    used 9551K, committed 9792K, reserved 1048576K
}
Event: 13.337 GC heap before
{Heap before GC invocations=28 (full 0):
 garbage-first heap   total 116736K, used 91973K [0x0000000080000000, 0x0000000100000000)
  region size 1024K, 33 young (33792K), 2 survivors (2048K)
 Metaspace       used 74695K, committed 75200K, reserved 1114112K
  class space    used 10201K, committed 10432K, reserved 1048576K
}
Event: 13.342 GC heap after
{Heap after GC invocations=29 (full 0):
 garbage-first heap   total 116736K, used 60187K [0x0000000080000000, 0x0000000100000000)
  region size 1024K, 3 young (3072K), 3 survivors (3072K)
 Metaspace       used 74695K, committed 75200K, reserved 1114112K
  class space    used 10201K, committed 10432K, reserved 1048576K
}
Event: 13.865 GC heap before
{Heap before GC invocations=29 (full 0):
 garbage-first heap   total 116736K, used 92955K [0x0000000080000000, 0x0000000100000000)
  region size 1024K, 35 young (35840K), 3 survivors (3072K)
 Metaspace       used 77670K, committed 78272K, reserved 1122304K
  class space    used 10615K, committed 10880K, reserved 1048576K
}
Event: 13.874 GC heap after
{Heap after GC invocations=30 (full 0):
 garbage-first heap   total 116736K, used 62734K [0x0000000080000000, 0x0000000100000000)
  region size 1024K, 5 young (5120K), 5 survivors (5120K)
 Metaspace       used 77670K, committed 78272K, reserved 1122304K
  class space    used 10615K, committed 10880K, reserved 1048576K
}
Event: 14.388 GC heap before
{Heap before GC invocations=31 (full 0):
 garbage-first heap   total 116736K, used 94478K [0x0000000080000000, 0x0000000100000000)
  region size 1024K, 36 young (36864K), 5 survivors (5120K)
 Metaspace       used 80818K, committed 81408K, reserved 1122304K
  class space    used 11126K, committed 11392K, reserved 1048576K
}
Event: 14.396 GC heap after
{Heap after GC invocations=32 (full 0):
 garbage-first heap   total 116736K, used 64277K [0x0000000080000000, 0x0000000100000000)
  region size 1024K, 2 young (2048K), 2 survivors (2048K)
 Metaspace       used 80818K, committed 81408K, reserved 1122304K
  class space    used 11126K, committed 11392K, reserved 1048576K
}

